<?xml version="1.0" encoding="UTF-8"?>
<testsuite xmlns:xsi="http://www.w3.org/2001/XMLSchema-instance" xsi:noNamespaceSchemaLocation="https://maven.apache.org/surefire/maven-surefire-plugin/xsd/surefire-test-report-3.0.xsd" version="3.0" name="com.aisupport.AIServiceTest" time="0.61" tests="3" errors="0" skipped="0" failures="0">
  <properties>
    <property name="java.specification.version" value="17"/>
    <property name="sun.cpu.isalist" value="amd64"/>
    <property name="sun.jnu.encoding" value="Cp1250"/>
    <property name="java.class.path" value="D:\IdeaProjects\ai-support\target\test-classes;D:\IdeaProjects\ai-support\target\classes;C:\Users\wojci\.m2\repository\dev\langchain4j\langchain4j-anthropic\1.3.0\langchain4j-anthropic-1.3.0.jar;C:\Users\wojci\.m2\repository\dev\langchain4j\langchain4j-http-client\1.3.0\langchain4j-http-client-1.3.0.jar;C:\Users\wojci\.m2\repository\dev\langchain4j\langchain4j-http-client-jdk\1.3.0\langchain4j-http-client-jdk-1.3.0.jar;C:\Users\wojci\.m2\repository\com\fasterxml\jackson\core\jackson-annotations\2.19.2\jackson-annotations-2.19.2.jar;C:\Users\wojci\.m2\repository\com\fasterxml\jackson\core\jackson-core\2.19.2\jackson-core-2.19.2.jar;C:\Users\wojci\.m2\repository\dev\langchain4j\langchain4j-open-ai\1.3.0\langchain4j-open-ai-1.3.0.jar;C:\Users\wojci\.m2\repository\com\knuddels\jtokkit\1.1.0\jtokkit-1.1.0.jar;C:\Users\wojci\.m2\repository\dev\langchain4j\langchain4j-ollama\1.3.0\langchain4j-ollama-1.3.0.jar;C:\Users\wojci\.m2\repository\dev\langchain4j\langchain4j-azure-open-ai\1.3.0\langchain4j-azure-open-ai-1.3.0.jar;C:\Users\wojci\.m2\repository\com\azure\azure-ai-openai\1.0.0-beta.16\azure-ai-openai-1.0.0-beta.16.jar;C:\Users\wojci\.m2\repository\com\azure\azure-core\1.55.3\azure-core-1.55.3.jar;C:\Users\wojci\.m2\repository\com\azure\azure-json\1.5.0\azure-json-1.5.0.jar;C:\Users\wojci\.m2\repository\com\azure\azure-xml\1.2.0\azure-xml-1.2.0.jar;C:\Users\wojci\.m2\repository\com\fasterxml\jackson\datatype\jackson-datatype-jsr310\2.17.2\jackson-datatype-jsr310-2.17.2.jar;C:\Users\wojci\.m2\repository\io\projectreactor\reactor-core\3.4.41\reactor-core-3.4.41.jar;C:\Users\wojci\.m2\repository\org\reactivestreams\reactive-streams\1.0.4\reactive-streams-1.0.4.jar;C:\Users\wojci\.m2\repository\com\azure\azure-core-http-netty\1.15.11\azure-core-http-netty-1.15.11.jar;C:\Users\wojci\.m2\repository\io\netty\netty-handler\4.1.118.Final\netty-handler-4.1.118.Final.jar;C:\Users\wojci\.m2\repository\io\netty\netty-resolver\4.1.118.Final\netty-resolver-4.1.118.Final.jar;C:\Users\wojci\.m2\repository\io\netty\netty-transport\4.1.118.Final\netty-transport-4.1.118.Final.jar;C:\Users\wojci\.m2\repository\io\netty\netty-handler-proxy\4.1.118.Final\netty-handler-proxy-4.1.118.Final.jar;C:\Users\wojci\.m2\repository\io\netty\netty-codec-socks\4.1.118.Final\netty-codec-socks-4.1.118.Final.jar;C:\Users\wojci\.m2\repository\io\netty\netty-buffer\4.1.118.Final\netty-buffer-4.1.118.Final.jar;C:\Users\wojci\.m2\repository\io\netty\netty-codec\4.1.118.Final\netty-codec-4.1.118.Final.jar;C:\Users\wojci\.m2\repository\io\netty\netty-codec-http\4.1.118.Final\netty-codec-http-4.1.118.Final.jar;C:\Users\wojci\.m2\repository\io\netty\netty-codec-http2\4.1.118.Final\netty-codec-http2-4.1.118.Final.jar;C:\Users\wojci\.m2\repository\io\netty\netty-transport-native-unix-common\4.1.118.Final\netty-transport-native-unix-common-4.1.118.Final.jar;C:\Users\wojci\.m2\repository\io\netty\netty-transport-native-epoll\4.1.118.Final\netty-transport-native-epoll-4.1.118.Final-linux-x86_64.jar;C:\Users\wojci\.m2\repository\io\netty\netty-transport-classes-epoll\4.1.118.Final\netty-transport-classes-epoll-4.1.118.Final.jar;C:\Users\wojci\.m2\repository\io\netty\netty-transport-native-kqueue\4.1.118.Final\netty-transport-native-kqueue-4.1.118.Final-osx-x86_64.jar;C:\Users\wojci\.m2\repository\io\netty\netty-transport-classes-kqueue\4.1.118.Final\netty-transport-classes-kqueue-4.1.118.Final.jar;C:\Users\wojci\.m2\repository\io\netty\netty-tcnative-boringssl-static\2.0.70.Final\netty-tcnative-boringssl-static-2.0.70.Final.jar;C:\Users\wojci\.m2\repository\io\netty\netty-tcnative-classes\2.0.70.Final\netty-tcnative-classes-2.0.70.Final.jar;C:\Users\wojci\.m2\repository\io\netty\netty-tcnative-boringssl-static\2.0.70.Final\netty-tcnative-boringssl-static-2.0.70.Final-linux-x86_64.jar;C:\Users\wojci\.m2\repository\io\netty\netty-tcnative-boringssl-static\2.0.70.Final\netty-tcnative-boringssl-static-2.0.70.Final-linux-aarch_64.jar;C:\Users\wojci\.m2\repository\io\netty\netty-tcnative-boringssl-static\2.0.70.Final\netty-tcnative-boringssl-static-2.0.70.Final-osx-x86_64.jar;C:\Users\wojci\.m2\repository\io\netty\netty-tcnative-boringssl-static\2.0.70.Final\netty-tcnative-boringssl-static-2.0.70.Final-osx-aarch_64.jar;C:\Users\wojci\.m2\repository\io\netty\netty-tcnative-boringssl-static\2.0.70.Final\netty-tcnative-boringssl-static-2.0.70.Final-windows-x86_64.jar;C:\Users\wojci\.m2\repository\io\projectreactor\netty\reactor-netty-http\1.0.48\reactor-netty-http-1.0.48.jar;C:\Users\wojci\.m2\repository\io\netty\netty-resolver-dns\4.1.112.Final\netty-resolver-dns-4.1.112.Final.jar;C:\Users\wojci\.m2\repository\io\netty\netty-codec-dns\4.1.112.Final\netty-codec-dns-4.1.112.Final.jar;C:\Users\wojci\.m2\repository\io\netty\netty-resolver-dns-native-macos\4.1.112.Final\netty-resolver-dns-native-macos-4.1.112.Final-osx-x86_64.jar;C:\Users\wojci\.m2\repository\io\netty\netty-resolver-dns-classes-macos\4.1.112.Final\netty-resolver-dns-classes-macos-4.1.112.Final.jar;C:\Users\wojci\.m2\repository\io\projectreactor\netty\reactor-netty-core\1.0.48\reactor-netty-core-1.0.48.jar;C:\Users\wojci\.m2\repository\io\netty\netty-common\4.1.118.Final\netty-common-4.1.118.Final.jar;C:\Users\wojci\.m2\repository\dev\langchain4j\langchain4j-core\1.3.0\langchain4j-core-1.3.0.jar;C:\Users\wojci\.m2\repository\org\jspecify\jspecify\1.0.0\jspecify-1.0.0.jar;C:\Users\wojci\.m2\repository\dev\langchain4j\langchain4j-easy-rag\1.3.0-beta9\langchain4j-easy-rag-1.3.0-beta9.jar;C:\Users\wojci\.m2\repository\dev\langchain4j\langchain4j\1.3.0\langchain4j-1.3.0.jar;C:\Users\wojci\.m2\repository\org\apache\opennlp\opennlp-tools\2.5.4\opennlp-tools-2.5.4.jar;C:\Users\wojci\.m2\repository\dev\langchain4j\langchain4j-document-parser-apache-tika\1.3.0-beta9\langchain4j-document-parser-apache-tika-1.3.0-beta9.jar;C:\Users\wojci\.m2\repository\org\apache\tika\tika-core\3.0.0\tika-core-3.0.0.jar;C:\Users\wojci\.m2\repository\org\apache\tika\tika-parsers-standard-package\3.0.0\tika-parsers-standard-package-3.0.0.jar;C:\Users\wojci\.m2\repository\org\apache\tika\tika-parser-apple-module\3.0.0\tika-parser-apple-module-3.0.0.jar;C:\Users\wojci\.m2\repository\org\apache\tika\tika-parser-zip-commons\3.0.0\tika-parser-zip-commons-3.0.0.jar;C:\Users\wojci\.m2\repository\com\googlecode\plist\dd-plist\1.28\dd-plist-1.28.jar;C:\Users\wojci\.m2\repository\org\apache\tika\tika-parser-audiovideo-module\3.0.0\tika-parser-audiovideo-module-3.0.0.jar;C:\Users\wojci\.m2\repository\com\drewnoakes\metadata-extractor\2.19.0\metadata-extractor-2.19.0.jar;C:\Users\wojci\.m2\repository\com\adobe\xmp\xmpcore\6.1.11\xmpcore-6.1.11.jar;C:\Users\wojci\.m2\repository\org\apache\tika\tika-parser-cad-module\3.0.0\tika-parser-cad-module-3.0.0.jar;C:\Users\wojci\.m2\repository\org\apache\tika\tika-parser-code-module\3.0.0\tika-parser-code-module-3.0.0.jar;C:\Users\wojci\.m2\repository\org\codelibs\jhighlight\1.1.0\jhighlight-1.1.0.jar;C:\Users\wojci\.m2\repository\org\ccil\cowan\tagsoup\tagsoup\1.2.1\tagsoup-1.2.1.jar;C:\Users\wojci\.m2\repository\org\ow2\asm\asm\9.7.1\asm-9.7.1.jar;C:\Users\wojci\.m2\repository\com\epam\parso\2.0.14\parso-2.0.14.jar;C:\Users\wojci\.m2\repository\org\tallison\jmatio\1.5\jmatio-1.5.jar;C:\Users\wojci\.m2\repository\org\apache\tika\tika-parser-crypto-module\3.0.0\tika-parser-crypto-module-3.0.0.jar;C:\Users\wojci\.m2\repository\org\bouncycastle\bcjmail-jdk18on\1.78.1\bcjmail-jdk18on-1.78.1.jar;C:\Users\wojci\.m2\repository\org\bouncycastle\bcutil-jdk18on\1.78.1\bcutil-jdk18on-1.78.1.jar;C:\Users\wojci\.m2\repository\org\bouncycastle\bcpkix-jdk18on\1.78.1\bcpkix-jdk18on-1.78.1.jar;C:\Users\wojci\.m2\repository\org\apache\tika\tika-parser-digest-commons\3.0.0\tika-parser-digest-commons-3.0.0.jar;C:\Users\wojci\.m2\repository\org\apache\tika\tika-parser-font-module\3.0.0\tika-parser-font-module-3.0.0.jar;C:\Users\wojci\.m2\repository\org\apache\pdfbox\fontbox\3.0.3\fontbox-3.0.3.jar;C:\Users\wojci\.m2\repository\org\apache\pdfbox\pdfbox-io\3.0.3\pdfbox-io-3.0.3.jar;C:\Users\wojci\.m2\repository\org\apache\tika\tika-parser-html-module\3.0.0\tika-parser-html-module-3.0.0.jar;C:\Users\wojci\.m2\repository\org\jsoup\jsoup\1.18.1\jsoup-1.18.1.jar;C:\Users\wojci\.m2\repository\org\apache\tika\tika-parser-image-module\3.0.0\tika-parser-image-module-3.0.0.jar;C:\Users\wojci\.m2\repository\com\github\jai-imageio\jai-imageio-core\1.4.0\jai-imageio-core-1.4.0.jar;C:\Users\wojci\.m2\repository\org\apache\pdfbox\jbig2-imageio\3.0.4\jbig2-imageio-3.0.4.jar;C:\Users\wojci\.m2\repository\org\apache\tika\tika-parser-mail-module\3.0.0\tika-parser-mail-module-3.0.0.jar;C:\Users\wojci\.m2\repository\org\apache\tika\tika-parser-mail-commons\3.0.0\tika-parser-mail-commons-3.0.0.jar;C:\Users\wojci\.m2\repository\org\apache\james\apache-mime4j-core\0.8.11\apache-mime4j-core-0.8.11.jar;C:\Users\wojci\.m2\repository\org\apache\james\apache-mime4j-dom\0.8.11\apache-mime4j-dom-0.8.11.jar;C:\Users\wojci\.m2\repository\org\apache\tika\tika-parser-microsoft-module\3.0.0\tika-parser-microsoft-module-3.0.0.jar;C:\Users\wojci\.m2\repository\com\pff\java-libpst\0.9.3\java-libpst-0.9.3.jar;C:\Users\wojci\.m2\repository\org\apache\poi\poi\5.3.0\poi-5.3.0.jar;C:\Users\wojci\.m2\repository\org\apache\commons\commons-math3\3.6.1\commons-math3-3.6.1.jar;C:\Users\wojci\.m2\repository\com\zaxxer\SparseBitSet\1.3\SparseBitSet-1.3.jar;C:\Users\wojci\.m2\repository\org\apache\logging\log4j\log4j-api\2.23.1\log4j-api-2.23.1.jar;C:\Users\wojci\.m2\repository\org\apache\poi\poi-scratchpad\5.3.0\poi-scratchpad-5.3.0.jar;C:\Users\wojci\.m2\repository\org\apache\poi\poi-ooxml\5.3.0\poi-ooxml-5.3.0.jar;C:\Users\wojci\.m2\repository\org\apache\poi\poi-ooxml-lite\5.3.0\poi-ooxml-lite-5.3.0.jar;C:\Users\wojci\.m2\repository\org\apache\xmlbeans\xmlbeans\5.2.1\xmlbeans-5.2.1.jar;C:\Users\wojci\.m2\repository\com\github\virtuald\curvesapi\1.08\curvesapi-1.08.jar;C:\Users\wojci\.m2\repository\com\healthmarketscience\jackcess\jackcess\4.0.7\jackcess-4.0.7.jar;C:\Users\wojci\.m2\repository\com\healthmarketscience\jackcess\jackcess-encrypt\4.0.2\jackcess-encrypt-4.0.2.jar;C:\Users\wojci\.m2\repository\org\slf4j\jcl-over-slf4j\2.0.16\jcl-over-slf4j-2.0.16.jar;C:\Users\wojci\.m2\repository\org\apache\tika\tika-parser-miscoffice-module\3.0.0\tika-parser-miscoffice-module-3.0.0.jar;C:\Users\wojci\.m2\repository\org\apache\commons\commons-collections4\4.4\commons-collections4-4.4.jar;C:\Users\wojci\.m2\repository\org\glassfish\jaxb\jaxb-runtime\4.0.5\jaxb-runtime-4.0.5.jar;C:\Users\wojci\.m2\repository\org\glassfish\jaxb\jaxb-core\4.0.5\jaxb-core-4.0.5.jar;C:\Users\wojci\.m2\repository\jakarta\xml\bind\jakarta.xml.bind-api\4.0.2\jakarta.xml.bind-api-4.0.2.jar;C:\Users\wojci\.m2\repository\jakarta\activation\jakarta.activation-api\2.1.3\jakarta.activation-api-2.1.3.jar;C:\Users\wojci\.m2\repository\org\eclipse\angus\angus-activation\2.0.2\angus-activation-2.0.2.jar;C:\Users\wojci\.m2\repository\org\glassfish\jaxb\txw2\4.0.5\txw2-4.0.5.jar;C:\Users\wojci\.m2\repository\com\sun\istack\istack-commons-runtime\4.1.2\istack-commons-runtime-4.1.2.jar;C:\Users\wojci\.m2\repository\org\apache\tika\tika-parser-news-module\3.0.0\tika-parser-news-module-3.0.0.jar;C:\Users\wojci\.m2\repository\com\rometools\rome\2.1.0\rome-2.1.0.jar;C:\Users\wojci\.m2\repository\com\rometools\rome-utils\2.1.0\rome-utils-2.1.0.jar;C:\Users\wojci\.m2\repository\org\jdom\jdom2\2.0.6.1\jdom2-2.0.6.1.jar;C:\Users\wojci\.m2\repository\org\apache\tika\tika-parser-ocr-module\3.0.0\tika-parser-ocr-module-3.0.0.jar;C:\Users\wojci\.m2\repository\org\apache\commons\commons-exec\1.4.0\commons-exec-1.4.0.jar;C:\Users\wojci\.m2\repository\org\apache\tika\tika-parser-pdf-module\3.0.0\tika-parser-pdf-module-3.0.0.jar;C:\Users\wojci\.m2\repository\org\apache\pdfbox\pdfbox\3.0.3\pdfbox-3.0.3.jar;C:\Users\wojci\.m2\repository\org\apache\pdfbox\pdfbox-tools\3.0.3\pdfbox-tools-3.0.3.jar;C:\Users\wojci\.m2\repository\info\picocli\picocli\4.7.6\picocli-4.7.6.jar;C:\Users\wojci\.m2\repository\org\apache\pdfbox\jempbox\1.8.17\jempbox-1.8.17.jar;C:\Users\wojci\.m2\repository\org\apache\tika\tika-parser-pkg-module\3.0.0\tika-parser-pkg-module-3.0.0.jar;C:\Users\wojci\.m2\repository\org\tukaani\xz\1.10\xz-1.10.jar;C:\Users\wojci\.m2\repository\org\brotli\dec\0.1.2\dec-0.1.2.jar;C:\Users\wojci\.m2\repository\com\github\junrar\junrar\7.5.5\junrar-7.5.5.jar;C:\Users\wojci\.m2\repository\org\apache\tika\tika-parser-text-module\3.0.0\tika-parser-text-module-3.0.0.jar;C:\Users\wojci\.m2\repository\com\github\albfernandez\juniversalchardet\2.5.0\juniversalchardet-2.5.0.jar;C:\Users\wojci\.m2\repository\org\apache\commons\commons-csv\1.12.0\commons-csv-1.12.0.jar;C:\Users\wojci\.m2\repository\org\apache\tika\tika-parser-webarchive-module\3.0.0\tika-parser-webarchive-module-3.0.0.jar;C:\Users\wojci\.m2\repository\org\netpreserve\jwarc\0.30.0\jwarc-0.30.0.jar;C:\Users\wojci\.m2\repository\org\apache\tika\tika-parser-xml-module\3.0.0\tika-parser-xml-module-3.0.0.jar;C:\Users\wojci\.m2\repository\org\apache\tika\tika-parser-xmp-commons\3.0.0\tika-parser-xmp-commons-3.0.0.jar;C:\Users\wojci\.m2\repository\org\apache\pdfbox\xmpbox\3.0.3\xmpbox-3.0.3.jar;C:\Users\wojci\.m2\repository\org\gagravarr\vorbis-java-tika\0.8\vorbis-java-tika-0.8.jar;C:\Users\wojci\.m2\repository\org\gagravarr\vorbis-java-core\0.8\vorbis-java-core-0.8.jar;C:\Users\wojci\.m2\repository\org\apache\commons\commons-compress\1.27.1\commons-compress-1.27.1.jar;C:\Users\wojci\.m2\repository\org\apache\commons\commons-lang3\3.18.0\commons-lang3-3.18.0.jar;C:\Users\wojci\.m2\repository\commons-logging\commons-logging\1.3.4\commons-logging-1.3.4.jar;C:\Users\wojci\.m2\repository\commons-io\commons-io\2.16.1\commons-io-2.16.1.jar;C:\Users\wojci\.m2\repository\commons-codec\commons-codec\1.17.1\commons-codec-1.17.1.jar;C:\Users\wojci\.m2\repository\org\bouncycastle\bcprov-jdk18on\1.81\bcprov-jdk18on-1.81.jar;C:\Users\wojci\.m2\repository\dev\langchain4j\langchain4j-embeddings-bge-small-en-v15-q\1.3.0-beta9\langchain4j-embeddings-bge-small-en-v15-q-1.3.0-beta9.jar;C:\Users\wojci\.m2\repository\dev\langchain4j\langchain4j-embeddings-all-minilm-l6-v2\1.3.0-beta9\langchain4j-embeddings-all-minilm-l6-v2-1.3.0-beta9.jar;C:\Users\wojci\.m2\repository\dev\langchain4j\langchain4j-embeddings\1.3.0-beta9\langchain4j-embeddings-1.3.0-beta9.jar;C:\Users\wojci\.m2\repository\com\microsoft\onnxruntime\onnxruntime\1.20.0\onnxruntime-1.20.0.jar;C:\Users\wojci\.m2\repository\ai\djl\api\0.31.1\api-0.31.1.jar;C:\Users\wojci\.m2\repository\com\google\code\gson\gson\2.11.0\gson-2.11.0.jar;C:\Users\wojci\.m2\repository\com\google\errorprone\error_prone_annotations\2.27.0\error_prone_annotations-2.27.0.jar;C:\Users\wojci\.m2\repository\net\java\dev\jna\jna\5.14.0\jna-5.14.0.jar;C:\Users\wojci\.m2\repository\ai\djl\huggingface\tokenizers\0.31.1\tokenizers-0.31.1.jar;C:\Users\wojci\.m2\repository\com\squareup\okhttp3\okhttp\4.12.0\okhttp-4.12.0.jar;C:\Users\wojci\.m2\repository\com\squareup\okio\okio\3.6.0\okio-3.6.0.jar;C:\Users\wojci\.m2\repository\com\squareup\okio\okio-jvm\3.6.0\okio-jvm-3.6.0.jar;C:\Users\wojci\.m2\repository\org\jetbrains\kotlin\kotlin-stdlib-common\1.9.10\kotlin-stdlib-common-1.9.10.jar;C:\Users\wojci\.m2\repository\org\jetbrains\kotlin\kotlin-stdlib-jdk8\1.8.21\kotlin-stdlib-jdk8-1.8.21.jar;C:\Users\wojci\.m2\repository\org\jetbrains\kotlin\kotlin-stdlib\1.8.21\kotlin-stdlib-1.8.21.jar;C:\Users\wojci\.m2\repository\org\jetbrains\annotations\13.0\annotations-13.0.jar;C:\Users\wojci\.m2\repository\org\jetbrains\kotlin\kotlin-stdlib-jdk7\1.8.21\kotlin-stdlib-jdk7-1.8.21.jar;C:\Users\wojci\.m2\repository\com\fasterxml\jackson\core\jackson-databind\2.15.2\jackson-databind-2.15.2.jar;C:\Users\wojci\.m2\repository\org\slf4j\slf4j-api\2.0.9\slf4j-api-2.0.9.jar;C:\Users\wojci\.m2\repository\org\slf4j\slf4j-simple\2.0.9\slf4j-simple-2.0.9.jar;C:\Users\wojci\.m2\repository\org\junit\jupiter\junit-jupiter\5.10.0\junit-jupiter-5.10.0.jar;C:\Users\wojci\.m2\repository\org\junit\jupiter\junit-jupiter-api\5.10.0\junit-jupiter-api-5.10.0.jar;C:\Users\wojci\.m2\repository\org\opentest4j\opentest4j\1.3.0\opentest4j-1.3.0.jar;C:\Users\wojci\.m2\repository\org\junit\platform\junit-platform-commons\1.10.0\junit-platform-commons-1.10.0.jar;C:\Users\wojci\.m2\repository\org\apiguardian\apiguardian-api\1.1.2\apiguardian-api-1.1.2.jar;C:\Users\wojci\.m2\repository\org\junit\jupiter\junit-jupiter-params\5.10.0\junit-jupiter-params-5.10.0.jar;C:\Users\wojci\.m2\repository\org\junit\jupiter\junit-jupiter-engine\5.10.0\junit-jupiter-engine-5.10.0.jar;C:\Users\wojci\.m2\repository\org\junit\platform\junit-platform-engine\1.10.0\junit-platform-engine-1.10.0.jar;"/>
    <property name="java.vm.vendor" value="Oracle Corporation"/>
    <property name="sun.arch.data.model" value="64"/>
    <property name="user.variant" value=""/>
    <property name="java.vendor.url" value="https://java.oracle.com/"/>
    <property name="user.timezone" value="Europe/Warsaw"/>
    <property name="os.name" value="Windows 11"/>
    <property name="java.vm.specification.version" value="17"/>
    <property name="sun.java.launcher" value="SUN_STANDARD"/>
    <property name="user.country" value="PL"/>
    <property name="sun.boot.library.path" value="C:\Program Files\Java\jdk-17\bin"/>
    <property name="sun.java.command" value="C:\Users\wojci\AppData\Local\Temp\surefire18125525042800494261\surefirebooter-20250828092957918_3.jar C:\Users\wojci\AppData\Local\Temp\surefire18125525042800494261 2025-08-28T09-29-57_746-jvmRun1 surefire-20250828092957918_1tmp surefire_0-20250828092957918_2tmp"/>
    <property name="jdk.debug" value="release"/>
    <property name="surefire.test.class.path" value="D:\IdeaProjects\ai-support\target\test-classes;D:\IdeaProjects\ai-support\target\classes;C:\Users\wojci\.m2\repository\dev\langchain4j\langchain4j-anthropic\1.3.0\langchain4j-anthropic-1.3.0.jar;C:\Users\wojci\.m2\repository\dev\langchain4j\langchain4j-http-client\1.3.0\langchain4j-http-client-1.3.0.jar;C:\Users\wojci\.m2\repository\dev\langchain4j\langchain4j-http-client-jdk\1.3.0\langchain4j-http-client-jdk-1.3.0.jar;C:\Users\wojci\.m2\repository\com\fasterxml\jackson\core\jackson-annotations\2.19.2\jackson-annotations-2.19.2.jar;C:\Users\wojci\.m2\repository\com\fasterxml\jackson\core\jackson-core\2.19.2\jackson-core-2.19.2.jar;C:\Users\wojci\.m2\repository\dev\langchain4j\langchain4j-open-ai\1.3.0\langchain4j-open-ai-1.3.0.jar;C:\Users\wojci\.m2\repository\com\knuddels\jtokkit\1.1.0\jtokkit-1.1.0.jar;C:\Users\wojci\.m2\repository\dev\langchain4j\langchain4j-ollama\1.3.0\langchain4j-ollama-1.3.0.jar;C:\Users\wojci\.m2\repository\dev\langchain4j\langchain4j-azure-open-ai\1.3.0\langchain4j-azure-open-ai-1.3.0.jar;C:\Users\wojci\.m2\repository\com\azure\azure-ai-openai\1.0.0-beta.16\azure-ai-openai-1.0.0-beta.16.jar;C:\Users\wojci\.m2\repository\com\azure\azure-core\1.55.3\azure-core-1.55.3.jar;C:\Users\wojci\.m2\repository\com\azure\azure-json\1.5.0\azure-json-1.5.0.jar;C:\Users\wojci\.m2\repository\com\azure\azure-xml\1.2.0\azure-xml-1.2.0.jar;C:\Users\wojci\.m2\repository\com\fasterxml\jackson\datatype\jackson-datatype-jsr310\2.17.2\jackson-datatype-jsr310-2.17.2.jar;C:\Users\wojci\.m2\repository\io\projectreactor\reactor-core\3.4.41\reactor-core-3.4.41.jar;C:\Users\wojci\.m2\repository\org\reactivestreams\reactive-streams\1.0.4\reactive-streams-1.0.4.jar;C:\Users\wojci\.m2\repository\com\azure\azure-core-http-netty\1.15.11\azure-core-http-netty-1.15.11.jar;C:\Users\wojci\.m2\repository\io\netty\netty-handler\4.1.118.Final\netty-handler-4.1.118.Final.jar;C:\Users\wojci\.m2\repository\io\netty\netty-resolver\4.1.118.Final\netty-resolver-4.1.118.Final.jar;C:\Users\wojci\.m2\repository\io\netty\netty-transport\4.1.118.Final\netty-transport-4.1.118.Final.jar;C:\Users\wojci\.m2\repository\io\netty\netty-handler-proxy\4.1.118.Final\netty-handler-proxy-4.1.118.Final.jar;C:\Users\wojci\.m2\repository\io\netty\netty-codec-socks\4.1.118.Final\netty-codec-socks-4.1.118.Final.jar;C:\Users\wojci\.m2\repository\io\netty\netty-buffer\4.1.118.Final\netty-buffer-4.1.118.Final.jar;C:\Users\wojci\.m2\repository\io\netty\netty-codec\4.1.118.Final\netty-codec-4.1.118.Final.jar;C:\Users\wojci\.m2\repository\io\netty\netty-codec-http\4.1.118.Final\netty-codec-http-4.1.118.Final.jar;C:\Users\wojci\.m2\repository\io\netty\netty-codec-http2\4.1.118.Final\netty-codec-http2-4.1.118.Final.jar;C:\Users\wojci\.m2\repository\io\netty\netty-transport-native-unix-common\4.1.118.Final\netty-transport-native-unix-common-4.1.118.Final.jar;C:\Users\wojci\.m2\repository\io\netty\netty-transport-native-epoll\4.1.118.Final\netty-transport-native-epoll-4.1.118.Final-linux-x86_64.jar;C:\Users\wojci\.m2\repository\io\netty\netty-transport-classes-epoll\4.1.118.Final\netty-transport-classes-epoll-4.1.118.Final.jar;C:\Users\wojci\.m2\repository\io\netty\netty-transport-native-kqueue\4.1.118.Final\netty-transport-native-kqueue-4.1.118.Final-osx-x86_64.jar;C:\Users\wojci\.m2\repository\io\netty\netty-transport-classes-kqueue\4.1.118.Final\netty-transport-classes-kqueue-4.1.118.Final.jar;C:\Users\wojci\.m2\repository\io\netty\netty-tcnative-boringssl-static\2.0.70.Final\netty-tcnative-boringssl-static-2.0.70.Final.jar;C:\Users\wojci\.m2\repository\io\netty\netty-tcnative-classes\2.0.70.Final\netty-tcnative-classes-2.0.70.Final.jar;C:\Users\wojci\.m2\repository\io\netty\netty-tcnative-boringssl-static\2.0.70.Final\netty-tcnative-boringssl-static-2.0.70.Final-linux-x86_64.jar;C:\Users\wojci\.m2\repository\io\netty\netty-tcnative-boringssl-static\2.0.70.Final\netty-tcnative-boringssl-static-2.0.70.Final-linux-aarch_64.jar;C:\Users\wojci\.m2\repository\io\netty\netty-tcnative-boringssl-static\2.0.70.Final\netty-tcnative-boringssl-static-2.0.70.Final-osx-x86_64.jar;C:\Users\wojci\.m2\repository\io\netty\netty-tcnative-boringssl-static\2.0.70.Final\netty-tcnative-boringssl-static-2.0.70.Final-osx-aarch_64.jar;C:\Users\wojci\.m2\repository\io\netty\netty-tcnative-boringssl-static\2.0.70.Final\netty-tcnative-boringssl-static-2.0.70.Final-windows-x86_64.jar;C:\Users\wojci\.m2\repository\io\projectreactor\netty\reactor-netty-http\1.0.48\reactor-netty-http-1.0.48.jar;C:\Users\wojci\.m2\repository\io\netty\netty-resolver-dns\4.1.112.Final\netty-resolver-dns-4.1.112.Final.jar;C:\Users\wojci\.m2\repository\io\netty\netty-codec-dns\4.1.112.Final\netty-codec-dns-4.1.112.Final.jar;C:\Users\wojci\.m2\repository\io\netty\netty-resolver-dns-native-macos\4.1.112.Final\netty-resolver-dns-native-macos-4.1.112.Final-osx-x86_64.jar;C:\Users\wojci\.m2\repository\io\netty\netty-resolver-dns-classes-macos\4.1.112.Final\netty-resolver-dns-classes-macos-4.1.112.Final.jar;C:\Users\wojci\.m2\repository\io\projectreactor\netty\reactor-netty-core\1.0.48\reactor-netty-core-1.0.48.jar;C:\Users\wojci\.m2\repository\io\netty\netty-common\4.1.118.Final\netty-common-4.1.118.Final.jar;C:\Users\wojci\.m2\repository\dev\langchain4j\langchain4j-core\1.3.0\langchain4j-core-1.3.0.jar;C:\Users\wojci\.m2\repository\org\jspecify\jspecify\1.0.0\jspecify-1.0.0.jar;C:\Users\wojci\.m2\repository\dev\langchain4j\langchain4j-easy-rag\1.3.0-beta9\langchain4j-easy-rag-1.3.0-beta9.jar;C:\Users\wojci\.m2\repository\dev\langchain4j\langchain4j\1.3.0\langchain4j-1.3.0.jar;C:\Users\wojci\.m2\repository\org\apache\opennlp\opennlp-tools\2.5.4\opennlp-tools-2.5.4.jar;C:\Users\wojci\.m2\repository\dev\langchain4j\langchain4j-document-parser-apache-tika\1.3.0-beta9\langchain4j-document-parser-apache-tika-1.3.0-beta9.jar;C:\Users\wojci\.m2\repository\org\apache\tika\tika-core\3.0.0\tika-core-3.0.0.jar;C:\Users\wojci\.m2\repository\org\apache\tika\tika-parsers-standard-package\3.0.0\tika-parsers-standard-package-3.0.0.jar;C:\Users\wojci\.m2\repository\org\apache\tika\tika-parser-apple-module\3.0.0\tika-parser-apple-module-3.0.0.jar;C:\Users\wojci\.m2\repository\org\apache\tika\tika-parser-zip-commons\3.0.0\tika-parser-zip-commons-3.0.0.jar;C:\Users\wojci\.m2\repository\com\googlecode\plist\dd-plist\1.28\dd-plist-1.28.jar;C:\Users\wojci\.m2\repository\org\apache\tika\tika-parser-audiovideo-module\3.0.0\tika-parser-audiovideo-module-3.0.0.jar;C:\Users\wojci\.m2\repository\com\drewnoakes\metadata-extractor\2.19.0\metadata-extractor-2.19.0.jar;C:\Users\wojci\.m2\repository\com\adobe\xmp\xmpcore\6.1.11\xmpcore-6.1.11.jar;C:\Users\wojci\.m2\repository\org\apache\tika\tika-parser-cad-module\3.0.0\tika-parser-cad-module-3.0.0.jar;C:\Users\wojci\.m2\repository\org\apache\tika\tika-parser-code-module\3.0.0\tika-parser-code-module-3.0.0.jar;C:\Users\wojci\.m2\repository\org\codelibs\jhighlight\1.1.0\jhighlight-1.1.0.jar;C:\Users\wojci\.m2\repository\org\ccil\cowan\tagsoup\tagsoup\1.2.1\tagsoup-1.2.1.jar;C:\Users\wojci\.m2\repository\org\ow2\asm\asm\9.7.1\asm-9.7.1.jar;C:\Users\wojci\.m2\repository\com\epam\parso\2.0.14\parso-2.0.14.jar;C:\Users\wojci\.m2\repository\org\tallison\jmatio\1.5\jmatio-1.5.jar;C:\Users\wojci\.m2\repository\org\apache\tika\tika-parser-crypto-module\3.0.0\tika-parser-crypto-module-3.0.0.jar;C:\Users\wojci\.m2\repository\org\bouncycastle\bcjmail-jdk18on\1.78.1\bcjmail-jdk18on-1.78.1.jar;C:\Users\wojci\.m2\repository\org\bouncycastle\bcutil-jdk18on\1.78.1\bcutil-jdk18on-1.78.1.jar;C:\Users\wojci\.m2\repository\org\bouncycastle\bcpkix-jdk18on\1.78.1\bcpkix-jdk18on-1.78.1.jar;C:\Users\wojci\.m2\repository\org\apache\tika\tika-parser-digest-commons\3.0.0\tika-parser-digest-commons-3.0.0.jar;C:\Users\wojci\.m2\repository\org\apache\tika\tika-parser-font-module\3.0.0\tika-parser-font-module-3.0.0.jar;C:\Users\wojci\.m2\repository\org\apache\pdfbox\fontbox\3.0.3\fontbox-3.0.3.jar;C:\Users\wojci\.m2\repository\org\apache\pdfbox\pdfbox-io\3.0.3\pdfbox-io-3.0.3.jar;C:\Users\wojci\.m2\repository\org\apache\tika\tika-parser-html-module\3.0.0\tika-parser-html-module-3.0.0.jar;C:\Users\wojci\.m2\repository\org\jsoup\jsoup\1.18.1\jsoup-1.18.1.jar;C:\Users\wojci\.m2\repository\org\apache\tika\tika-parser-image-module\3.0.0\tika-parser-image-module-3.0.0.jar;C:\Users\wojci\.m2\repository\com\github\jai-imageio\jai-imageio-core\1.4.0\jai-imageio-core-1.4.0.jar;C:\Users\wojci\.m2\repository\org\apache\pdfbox\jbig2-imageio\3.0.4\jbig2-imageio-3.0.4.jar;C:\Users\wojci\.m2\repository\org\apache\tika\tika-parser-mail-module\3.0.0\tika-parser-mail-module-3.0.0.jar;C:\Users\wojci\.m2\repository\org\apache\tika\tika-parser-mail-commons\3.0.0\tika-parser-mail-commons-3.0.0.jar;C:\Users\wojci\.m2\repository\org\apache\james\apache-mime4j-core\0.8.11\apache-mime4j-core-0.8.11.jar;C:\Users\wojci\.m2\repository\org\apache\james\apache-mime4j-dom\0.8.11\apache-mime4j-dom-0.8.11.jar;C:\Users\wojci\.m2\repository\org\apache\tika\tika-parser-microsoft-module\3.0.0\tika-parser-microsoft-module-3.0.0.jar;C:\Users\wojci\.m2\repository\com\pff\java-libpst\0.9.3\java-libpst-0.9.3.jar;C:\Users\wojci\.m2\repository\org\apache\poi\poi\5.3.0\poi-5.3.0.jar;C:\Users\wojci\.m2\repository\org\apache\commons\commons-math3\3.6.1\commons-math3-3.6.1.jar;C:\Users\wojci\.m2\repository\com\zaxxer\SparseBitSet\1.3\SparseBitSet-1.3.jar;C:\Users\wojci\.m2\repository\org\apache\logging\log4j\log4j-api\2.23.1\log4j-api-2.23.1.jar;C:\Users\wojci\.m2\repository\org\apache\poi\poi-scratchpad\5.3.0\poi-scratchpad-5.3.0.jar;C:\Users\wojci\.m2\repository\org\apache\poi\poi-ooxml\5.3.0\poi-ooxml-5.3.0.jar;C:\Users\wojci\.m2\repository\org\apache\poi\poi-ooxml-lite\5.3.0\poi-ooxml-lite-5.3.0.jar;C:\Users\wojci\.m2\repository\org\apache\xmlbeans\xmlbeans\5.2.1\xmlbeans-5.2.1.jar;C:\Users\wojci\.m2\repository\com\github\virtuald\curvesapi\1.08\curvesapi-1.08.jar;C:\Users\wojci\.m2\repository\com\healthmarketscience\jackcess\jackcess\4.0.7\jackcess-4.0.7.jar;C:\Users\wojci\.m2\repository\com\healthmarketscience\jackcess\jackcess-encrypt\4.0.2\jackcess-encrypt-4.0.2.jar;C:\Users\wojci\.m2\repository\org\slf4j\jcl-over-slf4j\2.0.16\jcl-over-slf4j-2.0.16.jar;C:\Users\wojci\.m2\repository\org\apache\tika\tika-parser-miscoffice-module\3.0.0\tika-parser-miscoffice-module-3.0.0.jar;C:\Users\wojci\.m2\repository\org\apache\commons\commons-collections4\4.4\commons-collections4-4.4.jar;C:\Users\wojci\.m2\repository\org\glassfish\jaxb\jaxb-runtime\4.0.5\jaxb-runtime-4.0.5.jar;C:\Users\wojci\.m2\repository\org\glassfish\jaxb\jaxb-core\4.0.5\jaxb-core-4.0.5.jar;C:\Users\wojci\.m2\repository\jakarta\xml\bind\jakarta.xml.bind-api\4.0.2\jakarta.xml.bind-api-4.0.2.jar;C:\Users\wojci\.m2\repository\jakarta\activation\jakarta.activation-api\2.1.3\jakarta.activation-api-2.1.3.jar;C:\Users\wojci\.m2\repository\org\eclipse\angus\angus-activation\2.0.2\angus-activation-2.0.2.jar;C:\Users\wojci\.m2\repository\org\glassfish\jaxb\txw2\4.0.5\txw2-4.0.5.jar;C:\Users\wojci\.m2\repository\com\sun\istack\istack-commons-runtime\4.1.2\istack-commons-runtime-4.1.2.jar;C:\Users\wojci\.m2\repository\org\apache\tika\tika-parser-news-module\3.0.0\tika-parser-news-module-3.0.0.jar;C:\Users\wojci\.m2\repository\com\rometools\rome\2.1.0\rome-2.1.0.jar;C:\Users\wojci\.m2\repository\com\rometools\rome-utils\2.1.0\rome-utils-2.1.0.jar;C:\Users\wojci\.m2\repository\org\jdom\jdom2\2.0.6.1\jdom2-2.0.6.1.jar;C:\Users\wojci\.m2\repository\org\apache\tika\tika-parser-ocr-module\3.0.0\tika-parser-ocr-module-3.0.0.jar;C:\Users\wojci\.m2\repository\org\apache\commons\commons-exec\1.4.0\commons-exec-1.4.0.jar;C:\Users\wojci\.m2\repository\org\apache\tika\tika-parser-pdf-module\3.0.0\tika-parser-pdf-module-3.0.0.jar;C:\Users\wojci\.m2\repository\org\apache\pdfbox\pdfbox\3.0.3\pdfbox-3.0.3.jar;C:\Users\wojci\.m2\repository\org\apache\pdfbox\pdfbox-tools\3.0.3\pdfbox-tools-3.0.3.jar;C:\Users\wojci\.m2\repository\info\picocli\picocli\4.7.6\picocli-4.7.6.jar;C:\Users\wojci\.m2\repository\org\apache\pdfbox\jempbox\1.8.17\jempbox-1.8.17.jar;C:\Users\wojci\.m2\repository\org\apache\tika\tika-parser-pkg-module\3.0.0\tika-parser-pkg-module-3.0.0.jar;C:\Users\wojci\.m2\repository\org\tukaani\xz\1.10\xz-1.10.jar;C:\Users\wojci\.m2\repository\org\brotli\dec\0.1.2\dec-0.1.2.jar;C:\Users\wojci\.m2\repository\com\github\junrar\junrar\7.5.5\junrar-7.5.5.jar;C:\Users\wojci\.m2\repository\org\apache\tika\tika-parser-text-module\3.0.0\tika-parser-text-module-3.0.0.jar;C:\Users\wojci\.m2\repository\com\github\albfernandez\juniversalchardet\2.5.0\juniversalchardet-2.5.0.jar;C:\Users\wojci\.m2\repository\org\apache\commons\commons-csv\1.12.0\commons-csv-1.12.0.jar;C:\Users\wojci\.m2\repository\org\apache\tika\tika-parser-webarchive-module\3.0.0\tika-parser-webarchive-module-3.0.0.jar;C:\Users\wojci\.m2\repository\org\netpreserve\jwarc\0.30.0\jwarc-0.30.0.jar;C:\Users\wojci\.m2\repository\org\apache\tika\tika-parser-xml-module\3.0.0\tika-parser-xml-module-3.0.0.jar;C:\Users\wojci\.m2\repository\org\apache\tika\tika-parser-xmp-commons\3.0.0\tika-parser-xmp-commons-3.0.0.jar;C:\Users\wojci\.m2\repository\org\apache\pdfbox\xmpbox\3.0.3\xmpbox-3.0.3.jar;C:\Users\wojci\.m2\repository\org\gagravarr\vorbis-java-tika\0.8\vorbis-java-tika-0.8.jar;C:\Users\wojci\.m2\repository\org\gagravarr\vorbis-java-core\0.8\vorbis-java-core-0.8.jar;C:\Users\wojci\.m2\repository\org\apache\commons\commons-compress\1.27.1\commons-compress-1.27.1.jar;C:\Users\wojci\.m2\repository\org\apache\commons\commons-lang3\3.18.0\commons-lang3-3.18.0.jar;C:\Users\wojci\.m2\repository\commons-logging\commons-logging\1.3.4\commons-logging-1.3.4.jar;C:\Users\wojci\.m2\repository\commons-io\commons-io\2.16.1\commons-io-2.16.1.jar;C:\Users\wojci\.m2\repository\commons-codec\commons-codec\1.17.1\commons-codec-1.17.1.jar;C:\Users\wojci\.m2\repository\org\bouncycastle\bcprov-jdk18on\1.81\bcprov-jdk18on-1.81.jar;C:\Users\wojci\.m2\repository\dev\langchain4j\langchain4j-embeddings-bge-small-en-v15-q\1.3.0-beta9\langchain4j-embeddings-bge-small-en-v15-q-1.3.0-beta9.jar;C:\Users\wojci\.m2\repository\dev\langchain4j\langchain4j-embeddings-all-minilm-l6-v2\1.3.0-beta9\langchain4j-embeddings-all-minilm-l6-v2-1.3.0-beta9.jar;C:\Users\wojci\.m2\repository\dev\langchain4j\langchain4j-embeddings\1.3.0-beta9\langchain4j-embeddings-1.3.0-beta9.jar;C:\Users\wojci\.m2\repository\com\microsoft\onnxruntime\onnxruntime\1.20.0\onnxruntime-1.20.0.jar;C:\Users\wojci\.m2\repository\ai\djl\api\0.31.1\api-0.31.1.jar;C:\Users\wojci\.m2\repository\com\google\code\gson\gson\2.11.0\gson-2.11.0.jar;C:\Users\wojci\.m2\repository\com\google\errorprone\error_prone_annotations\2.27.0\error_prone_annotations-2.27.0.jar;C:\Users\wojci\.m2\repository\net\java\dev\jna\jna\5.14.0\jna-5.14.0.jar;C:\Users\wojci\.m2\repository\ai\djl\huggingface\tokenizers\0.31.1\tokenizers-0.31.1.jar;C:\Users\wojci\.m2\repository\com\squareup\okhttp3\okhttp\4.12.0\okhttp-4.12.0.jar;C:\Users\wojci\.m2\repository\com\squareup\okio\okio\3.6.0\okio-3.6.0.jar;C:\Users\wojci\.m2\repository\com\squareup\okio\okio-jvm\3.6.0\okio-jvm-3.6.0.jar;C:\Users\wojci\.m2\repository\org\jetbrains\kotlin\kotlin-stdlib-common\1.9.10\kotlin-stdlib-common-1.9.10.jar;C:\Users\wojci\.m2\repository\org\jetbrains\kotlin\kotlin-stdlib-jdk8\1.8.21\kotlin-stdlib-jdk8-1.8.21.jar;C:\Users\wojci\.m2\repository\org\jetbrains\kotlin\kotlin-stdlib\1.8.21\kotlin-stdlib-1.8.21.jar;C:\Users\wojci\.m2\repository\org\jetbrains\annotations\13.0\annotations-13.0.jar;C:\Users\wojci\.m2\repository\org\jetbrains\kotlin\kotlin-stdlib-jdk7\1.8.21\kotlin-stdlib-jdk7-1.8.21.jar;C:\Users\wojci\.m2\repository\com\fasterxml\jackson\core\jackson-databind\2.15.2\jackson-databind-2.15.2.jar;C:\Users\wojci\.m2\repository\org\slf4j\slf4j-api\2.0.9\slf4j-api-2.0.9.jar;C:\Users\wojci\.m2\repository\org\slf4j\slf4j-simple\2.0.9\slf4j-simple-2.0.9.jar;C:\Users\wojci\.m2\repository\org\junit\jupiter\junit-jupiter\5.10.0\junit-jupiter-5.10.0.jar;C:\Users\wojci\.m2\repository\org\junit\jupiter\junit-jupiter-api\5.10.0\junit-jupiter-api-5.10.0.jar;C:\Users\wojci\.m2\repository\org\opentest4j\opentest4j\1.3.0\opentest4j-1.3.0.jar;C:\Users\wojci\.m2\repository\org\junit\platform\junit-platform-commons\1.10.0\junit-platform-commons-1.10.0.jar;C:\Users\wojci\.m2\repository\org\apiguardian\apiguardian-api\1.1.2\apiguardian-api-1.1.2.jar;C:\Users\wojci\.m2\repository\org\junit\jupiter\junit-jupiter-params\5.10.0\junit-jupiter-params-5.10.0.jar;C:\Users\wojci\.m2\repository\org\junit\jupiter\junit-jupiter-engine\5.10.0\junit-jupiter-engine-5.10.0.jar;C:\Users\wojci\.m2\repository\org\junit\platform\junit-platform-engine\1.10.0\junit-platform-engine-1.10.0.jar;"/>
    <property name="sun.cpu.endian" value="little"/>
    <property name="user.home" value="C:\Users\wojci"/>
    <property name="user.language" value="pl"/>
    <property name="java.specification.vendor" value="Oracle Corporation"/>
    <property name="java.version.date" value="2024-07-16"/>
    <property name="java.home" value="C:\Program Files\Java\jdk-17"/>
    <property name="file.separator" value="\"/>
    <property name="basedir" value="D:\IdeaProjects\ai-support"/>
    <property name="java.vm.compressedOopsMode" value="Zero based"/>
    <property name="line.separator" value="&#10;"/>
    <property name="java.vm.specification.vendor" value="Oracle Corporation"/>
    <property name="java.specification.name" value="Java Platform API Specification"/>
    <property name="surefire.real.class.path" value="C:\Users\wojci\AppData\Local\Temp\surefire18125525042800494261\surefirebooter-20250828092957918_3.jar"/>
    <property name="user.script" value=""/>
    <property name="sun.management.compiler" value="HotSpot 64-Bit Tiered Compilers"/>
    <property name="java.runtime.version" value="17.0.12+8-LTS-286"/>
    <property name="user.name" value="wojci"/>
    <property name="path.separator" value=";"/>
    <property name="os.version" value="10.0"/>
    <property name="java.runtime.name" value="Java(TM) SE Runtime Environment"/>
    <property name="file.encoding" value="Cp1250"/>
    <property name="java.vm.name" value="Java HotSpot(TM) 64-Bit Server VM"/>
    <property name="localRepository" value="C:\Users\wojci\.m2\repository"/>
    <property name="java.vendor.url.bug" value="https://bugreport.java.com/bugreport/"/>
    <property name="java.io.tmpdir" value="C:\Users\wojci\AppData\Local\Temp\"/>
    <property name="idea.version" value="2024.3.2.2"/>
    <property name="java.version" value="17.0.12"/>
    <property name="user.dir" value="D:\IdeaProjects\ai-support"/>
    <property name="os.arch" value="amd64"/>
    <property name="java.vm.specification.name" value="Java Virtual Machine Specification"/>
    <property name="sun.os.patch.level" value=""/>
    <property name="native.encoding" value="Cp1250"/>
    <property name="java.library.path" value="C:\Program Files\Java\jdk-17\bin;C:\WINDOWS\Sun\Java\bin;C:\WINDOWS\system32;C:\WINDOWS;C:\Program Files\Common Files\Oracle\Java\javapath;C:\Windows\system32;C:\Windows;C:\Windows\System32\Wbem;C:\Windows\System32\WindowsPowerShell\v1.0\;C:\Windows\System32\OpenSSH\;C:\Program Files (x86)\NVIDIA Corporation\PhysX\Common;C:\Program Files\NVIDIA Corporation\NVIDIA NGX;C:\Program Files\NVIDIA Corporation\NVIDIA NvDLISR;C:\WINDOWS\system32;C:\WINDOWS;C:\WINDOWS\System32\Wbem;C:\WINDOWS\System32\WindowsPowerShell\v1.0\;C:\WINDOWS\System32\OpenSSH\;D:\Program Files\PowerShell\7\;C:\Program Files\dotnet\;C:\Program Files\Git\cmd;C:\Program Files\Git\mingw64\bin;C:\Program Files\Git\usr\bin;C:\Program Files\ibm\gsk8\lib64;C:\Program Files (x86)\ibm\gsk8\lib;C:\ProgramData\chocolatey\bin;d:\Users\wojci\AppData\Local\nvm;d:\nvm4w\nodejs;C:\Program Files\Docker\Docker\resources\bin;C:\Users\wojci\AppData\Local\Microsoft\WindowsApps;C:\Program Files\Java\jdk-17\bin;D:\Users\wojci\AppData\Local\Programs\Microsoft VS Code\bin;C:\Program Files\heroku\bin;d:\Program Files\JetBrains\IntelliJ IDEA Community Edition 2024.3.2.2\bin;;C:\Users\wojci\.dotnet\tools;D:\Environment\apache-maven-3.9.9\bin;D:\Environment\apache-maven-3.8.8\bin;C:\Users\wojci\AppData\Roaming\npm;C:\Program Files\nodejs;C:\Users\wojci\AppData\Local\Programs\Ollama;d:\Program Files\JetBrains\IntelliJ IDEA 2024.3.2.2\bin;;d:\Users\wojci\AppData\Local\Programs\cursor\resources\app\bin;C:\Users\wojci\.bun\bin;C:\Users\wojci\AppData\Roaming\npm;d:\Users\wojci\AppData\Local\nvm;d:\nvm4w\nodejs;."/>
    <property name="java.vm.info" value="mixed mode, sharing"/>
    <property name="java.vendor" value="Oracle Corporation"/>
    <property name="java.vm.version" value="17.0.12+8-LTS-286"/>
    <property name="sun.io.unicode.encoding" value="UnicodeLittle"/>
    <property name="java.class.version" value="61.0"/>
  </properties>
  <testcase name="testServiceCreation" classname="com.aisupport.AIServiceTest" time="0.569"/>
  <testcase name="testOllamaService" classname="com.aisupport.AIServiceTest" time="0.007"/>
  <testcase name="testConfigurationLoading" classname="com.aisupport.AIServiceTest" time="0.004"/>
</testsuite>